<?xml version="1.0" encoding="UTF-8"?>
<!-- Generated by org.testng.reporters.JUnitReportReporter -->
<testsuite skipped="0" hostname="INW1PF1KTKR8" name="com.mytheresa.util.RestSearch" tests="1" failures="0" timestamp="13 Jan 2020 17:46:46 GMT" time="2.463" errors="0">
  <testcase name="Search" time="2.463" classname="com.mytheresa.util.RestSearch"/>
</testsuite> <!-- com.mytheresa.util.RestSearch -->
